Log file open, 06/25/18 12:20:11
LogInit: Display: Running engine for game: Blocks
LogPlatformFile: Not using cached read wrapper
LogInit: Display: RandInit(-1631676829) SRandInit(-1631676829).
LogTaskGraph: Started task graph with 5 named threads and 17 total threads with 3 sets of task threads.
LogStats: Stats thread started at 0.040407
LogPluginManager: Mounting plugin NullSourceCodeAccess
LogPluginManager: Mounting plugin VisualStudioSourceCodeAccess
LogPluginManager: Mounting plugin SubversionSourceControl
LogPluginManager: Mounting plugin PerforceSourceControl
LogPluginManager: Mounting plugin GitSourceControl
LogPluginManager: Mounting plugin CodeLiteSourceCodeAccess
LogPluginManager: Mounting plugin KDevelopSourceCodeAccess
LogPluginManager: Mounting plugin XCodeSourceCodeAccess
LogPluginManager: Mounting plugin UObjectPlugin
LogPluginManager: Mounting plugin OnlineSubsystemIOS
LogPluginManager: Mounting plugin OnlineSubsystemGooglePlay
LogPluginManager: Mounting plugin OnlineSubsystemNull
LogPluginManager: Mounting plugin OnlineSubsystem
LogPluginManager: Mounting plugin OnlineSubsystemUtils
LogPluginManager: Mounting plugin HTML5Networking
LogPluginManager: Mounting plugin AlembicImporter
LogPluginManager: Mounting plugin CharacterAI
LogPluginManager: Mounting plugin FacialAnimation
LogPluginManager: Mounting plugin AssetManagerEditor
LogPluginManager: Mounting plugin GameplayTagsEditor
LogPluginManager: Mounting plugin PluginBrowser
LogPluginManager: Mounting plugin SpeedTreeImporter
LogPluginManager: Mounting plugin AudioCapture
LogPluginManager: Mounting plugin MobileLauncherProfileWizard
LogPluginManager: Mounting plugin UdpMessaging
LogPluginManager: Mounting plugin TcpMessaging
LogPluginManager: Mounting plugin AndroidMedia
LogPluginManager: Mounting plugin MediaPlayerEditor
LogPluginManager: Mounting plugin AvfMedia
LogPluginManager: Mounting plugin WmfMedia
LogPluginManager: Mounting plugin PhysXVehicles
LogPluginManager: Mounting plugin MobilePatchingUtils
LogPluginManager: Mounting plugin WindowsMoviePlayer
LogPluginManager: Mounting plugin CustomMeshComponent
LogPluginManager: Mounting plugin AndroidDeviceProfileSelector
LogPluginManager: Mounting plugin LinuxDeviceProfileSelector
LogPluginManager: Mounting plugin AndroidMoviePlayer
LogPluginManager: Mounting plugin AndroidPermission
LogPluginManager: Mounting plugin LocationServicesBPLibrary
LogPluginManager: Mounting plugin ImmediatePhysics
LogPluginManager: Mounting plugin OculusVR
LogPluginManager: Mounting plugin ExampleDeviceProfileSelector
LogPluginManager: Mounting plugin ArchVisCharacter
LogPluginManager: Mounting plugin RuntimePhysXCooking
LogPluginManager: Mounting plugin SteamVR
LogPluginManager: Mounting plugin AppleMoviePlayer
LogPluginManager: Mounting plugin IOSDeviceProfileSelector
LogPluginManager: Mounting plugin CableComponent
LogPluginManager: Mounting plugin GoogleCloudMessaging
LogPluginManager: Mounting plugin ProceduralMeshComponent
LogPluginManager: Mounting plugin LightPropagationVolume
LogPluginManager: Mounting plugin Paper2D
LogPluginManager: Mounting plugin MatineeToLevelSequence
LogPluginManager: Mounting plugin LevelSequenceEditor
LogPluginManager: Mounting plugin AirSim
LogInit: Using libcurl 7.48.0-DEV
LogInit:  - built for x86_64-unknown-linux-gnu
LogInit:  - supports SSL with OpenSSL/1.0.2h
LogInit:  - supports HTTP deflate (compression) using libz 1.2.8
LogInit:  - other features:
LogInit:      CURL_VERSION_SSL
LogInit:      CURL_VERSION_LIBZ
LogInit:      CURL_VERSION_IPV6
LogInit:      CURL_VERSION_ASYNCHDNS
LogInit:      CURL_VERSION_LARGEFILE
LogInit:      CURL_VERSION_TLSAUTH_SRP
LogInit:  Libcurl: checking if '/etc/pki/tls/certs/ca-bundle.crt' exists
LogInit:  Libcurl: checking if '/etc/ssl/certs/ca-certificates.crt' exists
LogInit:  CurlRequestOptions (configurable via config and command line):
LogInit:  - bVerifyPeer = true  - Libcurl will verify peer certificate
LogInit:  - bUseHttpProxy = false  - Libcurl will NOT use HTTP proxy
LogInit:  - bDontReuseConnections = false  - Libcurl will reuse connections
LogInit:  - CertBundlePath = /etc/ssl/certs/ca-certificates.crt  - Libcurl will set CURLOPT_CAINFO to it
LogInit: Build: ++UE4+Release-4.17-CL-0
LogInit: Engine Version: 4.17.2-0+++UE4+Release-4.17
LogInit: Compatible Engine Version: 4.17.0-0+++UE4+Release-4.17
LogInit: Net CL: 0
LogDevObjectVersion: Number of dev versions registered: 16
LogDevObjectVersion:   Dev-Blueprints (B0D832E4-1F89-4F0D-ACCF-7EB736FD4AA2): 10
LogDevObjectVersion:   Dev-Build (E1C64328-A22C-4D53-A36C-8E866417BD8C): 0
LogDevObjectVersion:   Dev-Core (375EC13C-06E4-48FB-B500-84F0262A717E): 2
LogDevObjectVersion:   Dev-Editor (E4B068ED-F494-42E9-A231-DA0B2E46BB41): 20
LogDevObjectVersion:   Dev-Framework (CFFC743F-43B0-4480-9391-14DF171D2073): 28
LogDevObjectVersion:   Dev-Mobile (B02B49B5-BB20-44E9-A304-32B752E40360): 0
LogDevObjectVersion:   Dev-Networking (A4E4105C-59A1-49B5-A7C5-40C4547EDFEE): 0
LogDevObjectVersion:   Dev-Online (39C831C9-5AE6-47DC-9A44-9C173E1C8E7C): 0
LogDevObjectVersion:   Dev-Physics (78F01B33-EBEA-4F98-B9B4-84EACCB95AA2): 0
LogDevObjectVersion:   Dev-Platform (6631380F-2D4D-43E0-8009-CF276956A95A): 0
LogDevObjectVersion:   Dev-Rendering (12F88B9F-8875-4AFC-A67C-D90C383ABD29): 19
LogDevObjectVersion:   Dev-Sequencer (7B5AE74C-D270-4C10-A958-57980B212A5A): 4
LogDevObjectVersion:   Dev-VR (D7296918-1DD6-4BDD-9DE2-64A83CC13884): 0
LogDevObjectVersion:   Dev-LoadTimes (C2A15278-BFE7-4AFE-6C17-90FF531DF755): 1
LogDevObjectVersion:   Private-Geometry (6EACA3D4-40EC-4CC1-B786-8BED09428FC5): 1
LogDevObjectVersion:   Dev-AnimPhys (29E575DD-E0A3-4627-9D10-D276232CDCEA): 7
LogInit: Compiled (64-bit): Jun 20 2018 10:00:42
LogInit: Compiled with Clang: 3.9.1 (tags/RELEASE_391/rc2)
LogInit: Build Configuration: Development
LogInit: Branch Name: ++UE4+Release-4.17
LogInit: Command line:  /Temp/Autosaves/Game/FlyingCPP/Maps/UEDPCFlyingExampleMap -game -PIEVIACONSOLE -ResX=1280 -ResY=720 -Multiprocess -messaging -SessionName="Play in Standalone Game" -windowed
LogInit: Base directory: /home/airscan01/airsim/UnrealEngine-4.17/Engine/Binaries/Linux/
LogInit: Installed Engine Build: 0
LogInit: Presizing for max 8388607 objects, including 0 objects not considered by GC, pre-allocating 0 bytes for permanent pool.
LogInit: Object subsystem initialized
[2018.06.25-04.20.12:114][  0]LogInit: Initializing SDL.
[2018.06.25-04.20.12:114][  0]LogInit: Using SDL_WINDOW_OPENGL
[2018.06.25-04.20.12:269][  0]LogInit: Initialized SDL 2.0.4 revision: 10374 (hg-10374:dccf51aee79b with EpicExtensions) (compiled against 2.0.4)
[2018.06.25-04.20.12:269][  0]LogInit: Display metrics:
[2018.06.25-04.20.12:269][  0]LogInit:   PrimaryDisplayWidth: 1920
[2018.06.25-04.20.12:269][  0]LogInit:   PrimaryDisplayHeight: 1080
[2018.06.25-04.20.12:269][  0]LogInit:   PrimaryDisplayWorkAreaRect:
[2018.06.25-04.20.12:269][  0]LogInit:     Left=57, Top=24, Right=1920, Bottom=1080
[2018.06.25-04.20.12:269][  0]LogInit:   VirtualDisplayRect:
[2018.06.25-04.20.12:269][  0]LogInit:     Left=57, Top=24, Right=1920, Bottom=1080
[2018.06.25-04.20.12:269][  0]LogInit:   TitleSafePaddingSize: X=0.000 Y=0.000
[2018.06.25-04.20.12:269][  0]LogInit:   ActionSafePaddingSize: X=0.000 Y=0.000
[2018.06.25-04.20.12:269][  0]LogInit:   Number of monitors: 1
[2018.06.25-04.20.12:269][  0]LogInit:     Monitor 0
[2018.06.25-04.20.12:269][  0]LogInit:       Name: PHL 227E7 22"
[2018.06.25-04.20.12:269][  0]LogInit:       ID: display0
[2018.06.25-04.20.12:269][  0]LogInit:       NativeWidth: 1920
[2018.06.25-04.20.12:269][  0]LogInit:       NativeHeight: 1080
[2018.06.25-04.20.12:269][  0]LogInit:       bIsPrimary: true
[2018.06.25-04.20.12:269][  0]LogLinux: Selected Device Profile: [Linux]
[2018.06.25-04.20.12:269][  0]LogInit: Applying CVar settings loaded from the selected device profile: [Linux]
[2018.06.25-04.20.12:275][  0]LogInit: Linux hardware info:
[2018.06.25-04.20.12:275][  0]LogInit:  - we are not the first instance of this executable
[2018.06.25-04.20.12:275][  0]LogInit:  - this process' id (pid) is 4892, parent process' id (ppid) is 3725
[2018.06.25-04.20.12:275][  0]LogInit:  - we are not running under debugger
[2018.06.25-04.20.12:275][  0]LogInit:  - machine network name is 'airscan01-Z370-AORUS-Gaming-7'
[2018.06.25-04.20.12:275][  0]LogInit:  - user name is 'airscan01' (airscan01)
[2018.06.25-04.20.12:275][  0]LogInit:  - we're logged in locally
[2018.06.25-04.20.12:275][  0]LogInit:  - we're running with rendering
[2018.06.25-04.20.12:275][  0]LogInit:  - CPU: GenuineIntel 'Intel(R) Core(TM) i7-8700 CPU @ 3.20GHz' (signature: 0x906EA)
[2018.06.25-04.20.12:275][  0]LogInit:  - Number of physical cores available for the process: 6
[2018.06.25-04.20.12:275][  0]LogInit:  - Number of logical cores available for the process: 12
[2018.06.25-04.20.12:275][  0]LogInit:  - Cache line size: 64
[2018.06.25-04.20.12:275][  0]LogInit:  - Memory allocator used: binned2
[2018.06.25-04.20.12:275][  0]LogLinux: Benchmarking clocks:
[2018.06.25-04.20.12:275][  0]LogLinux:  - CLOCK_REALTIME (id=0) can sustain 63972554 (63973K, 64M) calls per second without zero deltas.
[2018.06.25-04.20.12:275][  0]LogLinux:  - CLOCK_MONOTONIC (id=1) can sustain 64391530 (64392K, 64M) calls per second without zero deltas.
[2018.06.25-04.20.12:275][  0]LogLinux:  - CLOCK_MONOTONIC_RAW (id=4) can sustain 4445845 (4446K, 4M) calls per second without zero deltas.
[2018.06.25-04.20.12:275][  0]LogLinux:  - CLOCK_MONOTONIC_COARSE (id=6) can sustain 220811458 (220811K, 221M) calls per second with 99.999882% zero deltas.
[2018.06.25-04.20.12:275][  0]LogLinux: Selected clock_id 1 (CLOCK_MONOTONIC) since it is the fastest support clock without zero deltas.
[2018.06.25-04.20.12:275][  0]LogInit: Linux-specific commandline switches:
[2018.06.25-04.20.12:275][  0]LogInit:  -nodwarf (currently OFF): suppress parsing of DWARF debug info (callstacks will be generated faster, but won't have line numbers)
[2018.06.25-04.20.12:275][  0]LogInit:  -ansimalloc - use malloc()/free() from libc (useful for tools like valgrind and electric fence)
[2018.06.25-04.20.12:275][  0]LogInit:  -jemalloc - use jemalloc for all memory allocation
[2018.06.25-04.20.12:275][  0]LogInit:  -binnedmalloc - use binned malloc  for all memory allocation
[2018.06.25-04.20.12:275][  0]LogInit:  -httpproxy=ADDRESS:PORT - redirects HTTP requests to a proxy (only supported if compiled with libcurl)
[2018.06.25-04.20.12:275][  0]LogInit:  -reuseconn - allow libcurl to reuse HTTP connections (only matters if compiled with libcurl)
[2018.06.25-04.20.12:275][  0]LogInit:  -virtmemkb=NUMBER - sets process virtual memory (address space) limit (overrides VirtualMemoryLimitInKB value from .ini)
[2018.06.25-04.20.12:275][  0]LogInit:  - Physical RAM available (not considering process quota): 16 GB (15980 MB, 16363988 KB, 16756723712 bytes)
[2018.06.25-04.20.12:324][  0]LogInit: Using OS detected language (en-PH).
[2018.06.25-04.20.12:324][  0]LogInit: Using OS detected locale (en-PH).
[2018.06.25-04.20.12:331][  0]LogTextLocalizationManager: No specific localization for 'en-PH' exists, so the 'en' localization will be used.
[2018.06.25-04.20.12:924][  0]LogRHI: Initializing OpenGL RHI
[2018.06.25-04.20.12:924][  0]LogRHI:   GL_VENDOR: NVIDIA Corporation
[2018.06.25-04.20.12:924][  0]LogRHI:   GL_RENDERER: GeForce GTX 1080 Ti/PCIe/SSE2
[2018.06.25-04.20.12:924][  0]LogRHI:   GL_VERSION: 4.3.0 NVIDIA 390.30
[2018.06.25-04.20.12:924][  0]LogRHI:   GL_SHADING_LANGUAGE_VERSION: 4.30 NVIDIA via Cg compiler
[2018.06.25-04.20.12:924][  0]LogRHI: OpenGL Extensions:
[2018.06.25-04.20.12:924][  0]LogRHI:   GL_AMD_multi_draw_indirect
[2018.06.25-04.20.12:924][  0]LogRHI:   GL_AMD_seamless_cubemap_per_texture
[2018.06.25-04.20.12:924][  0]LogRHI:   GL_AMD_vertex_shader_viewport_index
[2018.06.25-04.20.12:924][  0]LogRHI:   GL_AMD_vertex_shader_layer
[2018.06.25-04.20.12:924][  0]LogRHI:   GL_ARB_arrays_of_arrays
[2018.06.25-04.20.12:924][  0]LogRHI:   GL_ARB_base_instance
[2018.06.25-04.20.12:924][  0]LogRHI:   GL_ARB_bindless_texture
[2018.06.25-04.20.12:924][  0]LogRHI:   GL_ARB_blend_func_extended
[2018.06.25-04.20.12:924][  0]LogRHI:   GL_ARB_buffer_storage
[2018.06.25-04.20.12:924][  0]LogRHI:   GL_ARB_clear_buffer_object
[2018.06.25-04.20.12:924][  0]LogRHI:   GL_ARB_clear_texture
[2018.06.25-04.20.12:924][  0]LogRHI:   GL_ARB_clip_control
[2018.06.25-04.20.12:924][  0]LogRHI:   GL_ARB_color_buffer_float
[2018.06.25-04.20.12:924][  0]LogRHI:   GL_ARB_compressed_texture_pixel_storage
[2018.06.25-04.20.12:924][  0]LogRHI:   GL_ARB_conservative_depth
[2018.06.25-04.20.12:924][  0]LogRHI:   GL_ARB_compute_shader
[2018.06.25-04.20.12:924][  0]LogRHI:   GL_ARB_compute_variable_group_size
[2018.06.25-04.20.12:924][  0]LogRHI:   GL_ARB_conditional_render_inverted
[2018.06.25-04.20.12:924][  0]LogRHI:   GL_ARB_copy_buffer
[2018.06.25-04.20.12:924][  0]LogRHI:   GL_ARB_copy_image
[2018.06.25-04.20.12:924][  0]LogRHI:   GL_ARB_cull_distance
[2018.06.25-04.20.12:924][  0]LogRHI:   GL_ARB_debug_output
[2018.06.25-04.20.12:924][  0]LogRHI:   GL_ARB_depth_buffer_float
[2018.06.25-04.20.12:924][  0]LogRHI:   GL_ARB_depth_clamp
[2018.06.25-04.20.12:924][  0]LogRHI:   GL_ARB_depth_texture
[2018.06.25-04.20.12:924][  0]LogRHI:   GL_ARB_derivative_control
[2018.06.25-04.20.12:924][  0]LogRHI:   GL_ARB_direct_state_access
[2018.06.25-04.20.12:924][  0]LogRHI:   GL_ARB_draw_buffers
[2018.06.25-04.20.12:924][  0]LogRHI:   GL_ARB_draw_buffers_blend
[2018.06.25-04.20.12:924][  0]LogRHI:   GL_ARB_draw_indirect
[2018.06.25-04.20.12:924][  0]LogRHI:   GL_ARB_draw_elements_base_vertex
[2018.06.25-04.20.12:924][  0]LogRHI:   GL_ARB_draw_instanced
[2018.06.25-04.20.12:924][  0]LogRHI:   GL_ARB_enhanced_layouts
[2018.06.25-04.20.12:924][  0]LogRHI:   GL_ARB_ES2_compatibility
[2018.06.25-04.20.12:924][  0]LogRHI:   GL_ARB_ES3_compatibility
[2018.06.25-04.20.12:924][  0]LogRHI:   GL_ARB_ES3_1_compatibility
[2018.06.25-04.20.12:924][  0]LogRHI:   GL_ARB_ES3_2_compatibility
[2018.06.25-04.20.12:924][  0]LogRHI:   GL_ARB_explicit_attrib_location
[2018.06.25-04.20.12:924][  0]LogRHI:   GL_ARB_explicit_uniform_location
[2018.06.25-04.20.12:924][  0]LogRHI:   GL_ARB_fragment_coord_conventions
[2018.06.25-04.20.12:924][  0]LogRHI:   GL_ARB_fragment_layer_viewport
[2018.06.25-04.20.12:924][  0]LogRHI:   GL_ARB_fragment_program
[2018.06.25-04.20.12:924][  0]LogRHI:   GL_ARB_fragment_program_shadow
[2018.06.25-04.20.12:924][  0]LogRHI:   GL_ARB_fragment_shader
[2018.06.25-04.20.12:924][  0]LogRHI:   GL_ARB_fragment_shader_interlock
[2018.06.25-04.20.12:924][  0]LogRHI:   GL_ARB_framebuffer_no_attachments
[2018.06.25-04.20.12:924][  0]LogRHI:   GL_ARB_framebuffer_object
[2018.06.25-04.20.12:924][  0]LogRHI:   GL_ARB_framebuffer_sRGB
[2018.06.25-04.20.12:924][  0]LogRHI:   GL_ARB_geometry_shader4
[2018.06.25-04.20.12:924][  0]LogRHI:   GL_ARB_get_program_binary
[2018.06.25-04.20.12:924][  0]LogRHI:   GL_ARB_get_texture_sub_image
[2018.06.25-04.20.12:924][  0]LogRHI:   GL_ARB_gl_spirv
[2018.06.25-04.20.12:924][  0]LogRHI:   GL_ARB_gpu_shader5
[2018.06.25-04.20.12:924][  0]LogRHI:   GL_ARB_gpu_shader_fp64
[2018.06.25-04.20.12:924][  0]LogRHI:   GL_ARB_gpu_shader_int64
[2018.06.25-04.20.12:924][  0]LogRHI:   GL_ARB_half_float_pixel
[2018.06.25-04.20.12:924][  0]LogRHI:   GL_ARB_half_float_vertex
[2018.06.25-04.20.12:924][  0]LogRHI:   GL_ARB_imaging
[2018.06.25-04.20.12:924][  0]LogRHI:   GL_ARB_indirect_parameters
[2018.06.25-04.20.12:924][  0]LogRHI:   GL_ARB_instanced_arrays
[2018.06.25-04.20.12:924][  0]LogRHI:   GL_ARB_internalformat_query
[2018.06.25-04.20.12:924][  0]LogRHI:   GL_ARB_internalformat_query2
[2018.06.25-04.20.12:924][  0]LogRHI:   GL_ARB_invalidate_subdata
[2018.06.25-04.20.12:924][  0]LogRHI:   GL_ARB_map_buffer_alignment
[2018.06.25-04.20.12:924][  0]LogRHI:   GL_ARB_map_buffer_range
[2018.06.25-04.20.12:924][  0]LogRHI:   GL_ARB_multi_bind
[2018.06.25-04.20.12:924][  0]LogRHI:   GL_ARB_multi_draw_indirect
[2018.06.25-04.20.12:924][  0]LogRHI:   GL_ARB_multisample
[2018.06.25-04.20.12:924][  0]LogRHI:   GL_ARB_multitexture
[2018.06.25-04.20.12:924][  0]LogRHI:   GL_ARB_occlusion_query
[2018.06.25-04.20.12:924][  0]LogRHI:   GL_ARB_occlusion_query2
[2018.06.25-04.20.12:924][  0]LogRHI:   GL_ARB_parallel_shader_compile
[2018.06.25-04.20.12:925][  0]LogRHI:   GL_ARB_pipeline_statistics_query
[2018.06.25-04.20.12:925][  0]LogRHI:   GL_ARB_pixel_buffer_object
[2018.06.25-04.20.12:925][  0]LogRHI:   GL_ARB_point_parameters
[2018.06.25-04.20.12:925][  0]LogRHI:   GL_ARB_point_sprite
[2018.06.25-04.20.12:925][  0]LogRHI:   GL_ARB_polygon_offset_clamp
[2018.06.25-04.20.12:925][  0]LogRHI:   GL_ARB_post_depth_coverage
[2018.06.25-04.20.12:925][  0]LogRHI:   GL_ARB_program_interface_query
[2018.06.25-04.20.12:925][  0]LogRHI:   GL_ARB_provoking_vertex
[2018.06.25-04.20.12:925][  0]LogRHI:   GL_ARB_query_buffer_object
[2018.06.25-04.20.12:925][  0]LogRHI:   GL_ARB_robust_buffer_access_behavior
[2018.06.25-04.20.12:925][  0]LogRHI:   GL_ARB_robustness
[2018.06.25-04.20.12:925][  0]LogRHI:   GL_ARB_sample_locations
[2018.06.25-04.20.12:925][  0]LogRHI:   GL_ARB_sample_shading
[2018.06.25-04.20.12:925][  0]LogRHI:   GL_ARB_sampler_objects
[2018.06.25-04.20.12:925][  0]LogRHI:   GL_ARB_seamless_cube_map
[2018.06.25-04.20.12:925][  0]LogRHI:   GL_ARB_seamless_cubemap_per_texture
[2018.06.25-04.20.12:925][  0]LogRHI:   GL_ARB_separate_shader_objects
[2018.06.25-04.20.12:925][  0]LogRHI:   GL_ARB_shader_atomic_counter_ops
[2018.06.25-04.20.12:925][  0]LogRHI:   GL_ARB_shader_atomic_counters
[2018.06.25-04.20.12:925][  0]LogRHI:   GL_ARB_shader_ballot
[2018.06.25-04.20.12:925][  0]LogRHI:   GL_ARB_shader_bit_encoding
[2018.06.25-04.20.12:925][  0]LogRHI:   GL_ARB_shader_clock
[2018.06.25-04.20.12:925][  0]LogRHI:   GL_ARB_shader_draw_parameters
[2018.06.25-04.20.12:925][  0]LogRHI:   GL_ARB_shader_group_vote
[2018.06.25-04.20.12:925][  0]LogRHI:   GL_ARB_shader_image_load_store
[2018.06.25-04.20.12:925][  0]LogRHI:   GL_ARB_shader_image_size
[2018.06.25-04.20.12:925][  0]LogRHI:   GL_ARB_shader_objects
[2018.06.25-04.20.12:925][  0]LogRHI:   GL_ARB_shader_precision
[2018.06.25-04.20.12:925][  0]LogRHI:   GL_ARB_shader_storage_buffer_object
[2018.06.25-04.20.12:925][  0]LogRHI:   GL_ARB_shader_subroutine
[2018.06.25-04.20.12:925][  0]LogRHI:   GL_ARB_shader_texture_image_samples
[2018.06.25-04.20.12:925][  0]LogRHI:   GL_ARB_shader_texture_lod
[2018.06.25-04.20.12:925][  0]LogRHI:   GL_ARB_shading_language_100
[2018.06.25-04.20.12:925][  0]LogRHI:   GL_ARB_shader_viewport_layer_array
[2018.06.25-04.20.12:925][  0]LogRHI:   GL_ARB_shading_language_420pack
[2018.06.25-04.20.12:925][  0]LogRHI:   GL_ARB_shading_language_include
[2018.06.25-04.20.12:925][  0]LogRHI:   GL_ARB_shading_language_packing
[2018.06.25-04.20.12:925][  0]LogRHI:   GL_ARB_shadow
[2018.06.25-04.20.12:925][  0]LogRHI:   GL_ARB_sparse_buffer
[2018.06.25-04.20.12:925][  0]LogRHI:   GL_ARB_sparse_texture
[2018.06.25-04.20.12:925][  0]LogRHI:   GL_ARB_sparse_texture2
[2018.06.25-04.20.12:925][  0]LogRHI:   GL_ARB_sparse_texture_clamp
[2018.06.25-04.20.12:925][  0]LogRHI:   GL_ARB_spirv_extensions
[2018.06.25-04.20.12:925][  0]LogRHI:   GL_ARB_stencil_texturing
[2018.06.25-04.20.12:925][  0]LogRHI:   GL_ARB_sync
[2018.06.25-04.20.12:925][  0]LogRHI:   GL_ARB_tessellation_shader
[2018.06.25-04.20.12:925][  0]LogRHI:   GL_ARB_texture_barrier
[2018.06.25-04.20.12:925][  0]LogRHI:   GL_ARB_texture_border_clamp
[2018.06.25-04.20.12:925][  0]LogRHI:   GL_ARB_texture_buffer_object
[2018.06.25-04.20.12:925][  0]LogRHI:   GL_ARB_texture_buffer_object_rgb32
[2018.06.25-04.20.12:925][  0]LogRHI:   GL_ARB_texture_buffer_range
[2018.06.25-04.20.12:925][  0]LogRHI:   GL_ARB_texture_compression
[2018.06.25-04.20.12:925][  0]LogRHI:   GL_ARB_texture_compression_bptc
[2018.06.25-04.20.12:925][  0]LogRHI:   GL_ARB_texture_compression_rgtc
[2018.06.25-04.20.12:925][  0]LogRHI:   GL_ARB_texture_cube_map
[2018.06.25-04.20.12:925][  0]LogRHI:   GL_ARB_texture_cube_map_array
[2018.06.25-04.20.12:925][  0]LogRHI:   GL_ARB_texture_env_add
[2018.06.25-04.20.12:925][  0]LogRHI:   GL_ARB_texture_env_combine
[2018.06.25-04.20.12:925][  0]LogRHI:   GL_ARB_texture_env_crossbar
[2018.06.25-04.20.12:925][  0]LogRHI:   GL_ARB_texture_env_dot3
[2018.06.25-04.20.12:925][  0]LogRHI:   GL_ARB_texture_filter_anisotropic
[2018.06.25-04.20.12:925][  0]LogRHI:   GL_ARB_texture_filter_minmax
[2018.06.25-04.20.12:925][  0]LogRHI:   GL_ARB_texture_float
[2018.06.25-04.20.12:925][  0]LogRHI:   GL_ARB_texture_gather
[2018.06.25-04.20.12:925][  0]LogRHI:   GL_ARB_texture_mirror_clamp_to_edge
[2018.06.25-04.20.12:925][  0]LogRHI:   GL_ARB_texture_mirrored_repeat
[2018.06.25-04.20.12:925][  0]LogRHI:   GL_ARB_texture_multisample
[2018.06.25-04.20.12:925][  0]LogRHI:   GL_ARB_texture_non_power_of_two
[2018.06.25-04.20.12:925][  0]LogRHI:   GL_ARB_texture_query_levels
[2018.06.25-04.20.12:925][  0]LogRHI:   GL_ARB_texture_query_lod
[2018.06.25-04.20.12:925][  0]LogRHI:   GL_ARB_texture_rectangle
[2018.06.25-04.20.12:925][  0]LogRHI:   GL_ARB_texture_rg
[2018.06.25-04.20.12:925][  0]LogRHI:   GL_ARB_texture_rgb10_a2ui
[2018.06.25-04.20.12:925][  0]LogRHI:   GL_ARB_texture_stencil8
[2018.06.25-04.20.12:925][  0]LogRHI:   GL_ARB_texture_storage
[2018.06.25-04.20.12:925][  0]LogRHI:   GL_ARB_texture_storage_multisample
[2018.06.25-04.20.12:925][  0]LogRHI:   GL_ARB_texture_swizzle
[2018.06.25-04.20.12:925][  0]LogRHI:   GL_ARB_texture_view
[2018.06.25-04.20.12:925][  0]LogRHI:   GL_ARB_timer_query
[2018.06.25-04.20.12:925][  0]LogRHI:   GL_ARB_transform_feedback2
[2018.06.25-04.20.12:925][  0]LogRHI:   GL_ARB_transform_feedback3
[2018.06.25-04.20.12:925][  0]LogRHI:   GL_ARB_transform_feedback_instanced
[2018.06.25-04.20.12:925][  0]LogRHI:   GL_ARB_transform_feedback_overflow_query
[2018.06.25-04.20.12:925][  0]LogRHI:   GL_ARB_transpose_matrix
[2018.06.25-04.20.12:925][  0]LogRHI:   GL_ARB_uniform_buffer_object
[2018.06.25-04.20.12:925][  0]LogRHI:   GL_ARB_vertex_array_bgra
[2018.06.25-04.20.12:925][  0]LogRHI:   GL_ARB_vertex_array_object
[2018.06.25-04.20.12:925][  0]LogRHI:   GL_ARB_vertex_attrib_64bit
[2018.06.25-04.20.12:925][  0]LogRHI:   GL_ARB_vertex_attrib_binding
[2018.06.25-04.20.12:925][  0]LogRHI:   GL_ARB_vertex_buffer_object
[2018.06.25-04.20.12:925][  0]LogRHI:   GL_ARB_vertex_program
[2018.06.25-04.20.12:925][  0]LogRHI:   GL_ARB_vertex_shader
[2018.06.25-04.20.12:925][  0]LogRHI:   GL_ARB_vertex_type_10f_11f_11f_rev
[2018.06.25-04.20.12:925][  0]LogRHI:   GL_ARB_vertex_type_2_10_10_10_rev
[2018.06.25-04.20.12:925][  0]LogRHI:   GL_ARB_viewport_array
[2018.06.25-04.20.12:925][  0]LogRHI:   GL_ARB_window_pos
[2018.06.25-04.20.12:925][  0]LogRHI:   GL_ATI_draw_buffers
[2018.06.25-04.20.12:925][  0]LogRHI:   GL_ATI_texture_float
[2018.06.25-04.20.12:925][  0]LogRHI:   GL_ATI_texture_mirror_once
[2018.06.25-04.20.12:925][  0]LogRHI:   GL_S3_s3tc
[2018.06.25-04.20.12:925][  0]LogRHI:   GL_EXT_texture_env_add
[2018.06.25-04.20.12:925][  0]LogRHI:   GL_EXT_abgr
[2018.06.25-04.20.12:925][  0]LogRHI:   GL_EXT_bgra
[2018.06.25-04.20.12:925][  0]LogRHI:   GL_EXT_bindable_uniform
[2018.06.25-04.20.12:926][  0]LogRHI:   GL_EXT_blend_color
[2018.06.25-04.20.12:926][  0]LogRHI:   GL_EXT_blend_equation_separate
[2018.06.25-04.20.12:926][  0]LogRHI:   GL_EXT_blend_func_separate
[2018.06.25-04.20.12:926][  0]LogRHI:   GL_EXT_blend_minmax
[2018.06.25-04.20.12:926][  0]LogRHI:   GL_EXT_blend_subtract
[2018.06.25-04.20.12:926][  0]LogRHI:   GL_EXT_compiled_vertex_array
[2018.06.25-04.20.12:926][  0]LogRHI:   GL_EXT_Cg_shader
[2018.06.25-04.20.12:926][  0]LogRHI:   GL_EXT_depth_bounds_test
[2018.06.25-04.20.12:926][  0]LogRHI:   GL_EXT_direct_state_access
[2018.06.25-04.20.12:926][  0]LogRHI:   GL_EXT_draw_buffers2
[2018.06.25-04.20.12:926][  0]LogRHI:   GL_EXT_draw_instanced
[2018.06.25-04.20.12:926][  0]LogRHI:   GL_EXT_draw_range_elements
[2018.06.25-04.20.12:926][  0]LogRHI:   GL_EXT_fog_coord
[2018.06.25-04.20.12:926][  0]LogRHI:   GL_EXT_framebuffer_blit
[2018.06.25-04.20.12:926][  0]LogRHI:   GL_EXT_framebuffer_multisample
[2018.06.25-04.20.12:926][  0]LogRHI:   GL_EXTX_framebuffer_mixed_formats
[2018.06.25-04.20.12:926][  0]LogRHI:   GL_EXT_framebuffer_multisample_blit_scaled
[2018.06.25-04.20.12:926][  0]LogRHI:   GL_EXT_framebuffer_object
[2018.06.25-04.20.12:926][  0]LogRHI:   GL_EXT_framebuffer_sRGB
[2018.06.25-04.20.12:926][  0]LogRHI:   GL_EXT_geometry_shader4
[2018.06.25-04.20.12:926][  0]LogRHI:   GL_EXT_gpu_program_parameters
[2018.06.25-04.20.12:926][  0]LogRHI:   GL_EXT_gpu_shader4
[2018.06.25-04.20.12:926][  0]LogRHI:   GL_EXT_multi_draw_arrays
[2018.06.25-04.20.12:926][  0]LogRHI:   GL_EXT_packed_depth_stencil
[2018.06.25-04.20.12:926][  0]LogRHI:   GL_EXT_packed_float
[2018.06.25-04.20.12:926][  0]LogRHI:   GL_EXT_packed_pixels
[2018.06.25-04.20.12:926][  0]LogRHI:   GL_EXT_pixel_buffer_object
[2018.06.25-04.20.12:926][  0]LogRHI:   GL_EXT_point_parameters
[2018.06.25-04.20.12:926][  0]LogRHI:   GL_EXT_polygon_offset_clamp
[2018.06.25-04.20.12:926][  0]LogRHI:   GL_EXT_post_depth_coverage
[2018.06.25-04.20.12:926][  0]LogRHI:   GL_EXT_provoking_vertex
[2018.06.25-04.20.12:926][  0]LogRHI:   GL_EXT_raster_multisample
[2018.06.25-04.20.12:926][  0]LogRHI:   GL_EXT_rescale_normal
[2018.06.25-04.20.12:926][  0]LogRHI:   GL_EXT_secondary_color
[2018.06.25-04.20.12:926][  0]LogRHI:   GL_EXT_separate_shader_objects
[2018.06.25-04.20.12:926][  0]LogRHI:   GL_EXT_separate_specular_color
[2018.06.25-04.20.12:926][  0]LogRHI:   GL_EXT_shader_image_load_formatted
[2018.06.25-04.20.12:926][  0]LogRHI:   GL_EXT_shader_image_load_store
[2018.06.25-04.20.12:926][  0]LogRHI:   GL_EXT_shader_integer_mix
[2018.06.25-04.20.12:926][  0]LogRHI:   GL_EXT_shadow_funcs
[2018.06.25-04.20.12:926][  0]LogRHI:   GL_EXT_sparse_texture2
[2018.06.25-04.20.12:926][  0]LogRHI:   GL_EXT_stencil_two_side
[2018.06.25-04.20.12:926][  0]LogRHI:   GL_EXT_stencil_wrap
[2018.06.25-04.20.12:926][  0]LogRHI:   GL_EXT_texture3D
[2018.06.25-04.20.12:926][  0]LogRHI:   GL_EXT_texture_array
[2018.06.25-04.20.12:926][  0]LogRHI:   GL_EXT_texture_buffer_object
[2018.06.25-04.20.12:926][  0]LogRHI:   GL_EXT_texture_compression_dxt1
[2018.06.25-04.20.12:926][  0]LogRHI:   GL_EXT_texture_compression_latc
[2018.06.25-04.20.12:926][  0]LogRHI:   GL_EXT_texture_compression_rgtc
[2018.06.25-04.20.12:926][  0]LogRHI:   GL_EXT_texture_compression_s3tc
[2018.06.25-04.20.12:926][  0]LogRHI:   GL_EXT_texture_cube_map
[2018.06.25-04.20.12:926][  0]LogRHI:   GL_EXT_texture_edge_clamp
[2018.06.25-04.20.12:926][  0]LogRHI:   GL_EXT_texture_env_combine
[2018.06.25-04.20.12:926][  0]LogRHI:   GL_EXT_texture_env_dot3
[2018.06.25-04.20.12:926][  0]LogRHI:   GL_EXT_texture_filter_anisotropic
[2018.06.25-04.20.12:926][  0]LogRHI:   GL_EXT_texture_filter_minmax
[2018.06.25-04.20.12:926][  0]LogRHI:   GL_EXT_texture_integer
[2018.06.25-04.20.12:926][  0]LogRHI:   GL_EXT_texture_lod
[2018.06.25-04.20.12:926][  0]LogRHI:   GL_EXT_texture_lod_bias
[2018.06.25-04.20.12:926][  0]LogRHI:   GL_EXT_texture_mirror_clamp
[2018.06.25-04.20.12:926][  0]LogRHI:   GL_EXT_texture_object
[2018.06.25-04.20.12:926][  0]LogRHI:   GL_EXT_texture_shared_exponent
[2018.06.25-04.20.12:926][  0]LogRHI:   GL_EXT_texture_sRGB
[2018.06.25-04.20.12:926][  0]LogRHI:   GL_EXT_texture_sRGB_decode
[2018.06.25-04.20.12:926][  0]LogRHI:   GL_EXT_texture_storage
[2018.06.25-04.20.12:926][  0]LogRHI:   GL_EXT_texture_swizzle
[2018.06.25-04.20.12:926][  0]LogRHI:   GL_EXT_timer_query
[2018.06.25-04.20.12:926][  0]LogRHI:   GL_EXT_transform_feedback2
[2018.06.25-04.20.12:926][  0]LogRHI:   GL_EXT_vertex_array
[2018.06.25-04.20.12:926][  0]LogRHI:   GL_EXT_vertex_array_bgra
[2018.06.25-04.20.12:926][  0]LogRHI:   GL_EXT_vertex_attrib_64bit
[2018.06.25-04.20.12:926][  0]LogRHI:   GL_EXT_window_rectangles
[2018.06.25-04.20.12:926][  0]LogRHI:   GL_EXT_x11_sync_object
[2018.06.25-04.20.12:926][  0]LogRHI:   GL_EXT_import_sync_object
[2018.06.25-04.20.12:926][  0]LogRHI:   GL_NV_robustness_video_memory_purge
[2018.06.25-04.20.12:926][  0]LogRHI:   GL_IBM_rasterpos_clip
[2018.06.25-04.20.12:926][  0]LogRHI:   GL_IBM_texture_mirrored_repeat
[2018.06.25-04.20.12:926][  0]LogRHI:   GL_KHR_context_flush_control
[2018.06.25-04.20.12:926][  0]LogRHI:   GL_KHR_debug
[2018.06.25-04.20.12:926][  0]LogRHI:   GL_EXT_memory_object
[2018.06.25-04.20.12:926][  0]LogRHI:   GL_EXT_memory_object_fd
[2018.06.25-04.20.12:926][  0]LogRHI:   GL_KHR_parallel_shader_compile
[2018.06.25-04.20.12:926][  0]LogRHI:   GL_KHR_no_error
[2018.06.25-04.20.12:926][  0]LogRHI:   GL_KHR_robust_buffer_access_behavior
[2018.06.25-04.20.12:926][  0]LogRHI:   GL_KHR_robustness
[2018.06.25-04.20.12:926][  0]LogRHI:   GL_EXT_semaphore
[2018.06.25-04.20.12:926][  0]LogRHI:   GL_EXT_semaphore_fd
[2018.06.25-04.20.12:926][  0]LogRHI:   GL_KTX_buffer_region
[2018.06.25-04.20.12:926][  0]LogRHI:   GL_NV_alpha_to_coverage_dither_control
[2018.06.25-04.20.12:926][  0]LogRHI:   GL_NV_bindless_multi_draw_indirect
[2018.06.25-04.20.12:926][  0]LogRHI:   GL_NV_bindless_multi_draw_indirect_count
[2018.06.25-04.20.12:926][  0]LogRHI:   GL_NV_bindless_texture
[2018.06.25-04.20.12:926][  0]LogRHI:   GL_NV_blend_equation_advanced
[2018.06.25-04.20.12:926][  0]LogRHI:   GL_NV_blend_equation_advanced_coherent
[2018.06.25-04.20.12:926][  0]LogRHI:   GL_NVX_blend_equation_advanced_multi_draw_buffers
[2018.06.25-04.20.12:926][  0]LogRHI:   GL_NV_blend_minmax_factor
[2018.06.25-04.20.12:926][  0]LogRHI:   GL_NV_blend_square
[2018.06.25-04.20.12:926][  0]LogRHI:   GL_NV_clip_space_w_scaling
[2018.06.25-04.20.12:926][  0]LogRHI:   GL_NV_command_list
[2018.06.25-04.20.12:926][  0]LogRHI:   GL_NV_compute_program5
[2018.06.25-04.20.12:926][  0]LogRHI:   GL_NV_conditional_render
[2018.06.25-04.20.12:926][  0]LogRHI:   GL_NV_conservative_raster
[2018.06.25-04.20.12:926][  0]LogRHI:   GL_NV_conservative_raster_dilate
[2018.06.25-04.20.12:927][  0]LogRHI:   GL_NV_conservative_raster_pre_snap_triangles
[2018.06.25-04.20.12:927][  0]LogRHI:   GL_NV_copy_depth_to_color
[2018.06.25-04.20.12:927][  0]LogRHI:   GL_NV_copy_image
[2018.06.25-04.20.12:927][  0]LogRHI:   GL_NV_depth_buffer_float
[2018.06.25-04.20.12:927][  0]LogRHI:   GL_NV_depth_clamp
[2018.06.25-04.20.12:927][  0]LogRHI:   GL_NV_draw_texture
[2018.06.25-04.20.12:927][  0]LogRHI:   GL_NV_draw_vulkan_image
[2018.06.25-04.20.12:927][  0]LogRHI:   GL_NV_ES1_1_compatibility
[2018.06.25-04.20.12:927][  0]LogRHI:   GL_NV_ES3_1_compatibility
[2018.06.25-04.20.12:927][  0]LogRHI:   GL_NV_explicit_multisample
[2018.06.25-04.20.12:927][  0]LogRHI:   GL_NV_fence
[2018.06.25-04.20.12:927][  0]LogRHI:   GL_NV_fill_rectangle
[2018.06.25-04.20.12:927][  0]LogRHI:   GL_NV_float_buffer
[2018.06.25-04.20.12:927][  0]LogRHI:   GL_NV_fog_distance
[2018.06.25-04.20.12:927][  0]LogRHI:   GL_NV_fragment_coverage_to_color
[2018.06.25-04.20.12:927][  0]LogRHI:   GL_NV_fragment_program
[2018.06.25-04.20.12:927][  0]LogRHI:   GL_NV_fragment_program_option
[2018.06.25-04.20.12:927][  0]LogRHI:   GL_NV_fragment_program2
[2018.06.25-04.20.12:927][  0]LogRHI:   GL_NV_fragment_shader_interlock
[2018.06.25-04.20.12:927][  0]LogRHI:   GL_NV_framebuffer_mixed_samples
[2018.06.25-04.20.12:927][  0]LogRHI:   GL_NV_framebuffer_multisample_coverage
[2018.06.25-04.20.12:927][  0]LogRHI:   GL_NV_geometry_shader4
[2018.06.25-04.20.12:927][  0]LogRHI:   GL_NV_geometry_shader_passthrough
[2018.06.25-04.20.12:927][  0]LogRHI:   GL_NV_gpu_program4
[2018.06.25-04.20.12:927][  0]LogRHI:   GL_NV_internalformat_sample_query
[2018.06.25-04.20.12:927][  0]LogRHI:   GL_NV_gpu_program4_1
[2018.06.25-04.20.12:927][  0]LogRHI:   GL_NV_gpu_program5
[2018.06.25-04.20.12:927][  0]LogRHI:   GL_NV_gpu_program5_mem_extended
[2018.06.25-04.20.12:927][  0]LogRHI:   GL_NV_gpu_program_fp64
[2018.06.25-04.20.12:927][  0]LogRHI:   GL_NV_gpu_shader5
[2018.06.25-04.20.12:927][  0]LogRHI:   GL_NV_half_float
[2018.06.25-04.20.12:927][  0]LogRHI:   GL_NV_light_max_exponent
[2018.06.25-04.20.12:927][  0]LogRHI:   GL_NV_multisample_coverage
[2018.06.25-04.20.12:927][  0]LogRHI:   GL_NV_multisample_filter_hint
[2018.06.25-04.20.12:927][  0]LogRHI:   GL_NV_occlusion_query
[2018.06.25-04.20.12:927][  0]LogRHI:   GL_NV_packed_depth_stencil
[2018.06.25-04.20.12:927][  0]LogRHI:   GL_NV_parameter_buffer_object
[2018.06.25-04.20.12:927][  0]LogRHI:   GL_NV_parameter_buffer_object2
[2018.06.25-04.20.12:927][  0]LogRHI:   GL_NV_path_rendering
[2018.06.25-04.20.12:927][  0]LogRHI:   GL_NV_path_rendering_shared_edge
[2018.06.25-04.20.12:927][  0]LogRHI:   GL_NV_pixel_data_range
[2018.06.25-04.20.12:927][  0]LogRHI:   GL_NV_point_sprite
[2018.06.25-04.20.12:927][  0]LogRHI:   GL_NV_primitive_restart
[2018.06.25-04.20.12:927][  0]LogRHI:   GL_NV_query_resource
[2018.06.25-04.20.12:927][  0]LogRHI:   GL_NV_query_resource_tag
[2018.06.25-04.20.12:927][  0]LogRHI:   GL_NV_register_combiners
[2018.06.25-04.20.12:927][  0]LogRHI:   GL_NV_register_combiners2
[2018.06.25-04.20.12:927][  0]LogRHI:   GL_NV_sample_locations
[2018.06.25-04.20.12:927][  0]LogRHI:   GL_NV_sample_mask_override_coverage
[2018.06.25-04.20.12:927][  0]LogRHI:   GL_NV_shader_atomic_counters
[2018.06.25-04.20.12:927][  0]LogRHI:   GL_NV_shader_atomic_float
[2018.06.25-04.20.12:927][  0]LogRHI:   GL_NV_shader_atomic_float64
[2018.06.25-04.20.12:927][  0]LogRHI:   GL_NV_shader_atomic_fp16_vector
[2018.06.25-04.20.12:927][  0]LogRHI:   GL_NV_shader_atomic_int64
[2018.06.25-04.20.12:927][  0]LogRHI:   GL_NV_shader_buffer_load
[2018.06.25-04.20.12:927][  0]LogRHI:   GL_NV_shader_storage_buffer_object
[2018.06.25-04.20.12:927][  0]LogRHI:   GL_NV_stereo_view_rendering
[2018.06.25-04.20.12:927][  0]LogRHI:   GL_NV_texgen_reflection
[2018.06.25-04.20.12:927][  0]LogRHI:   GL_NV_texture_barrier
[2018.06.25-04.20.12:927][  0]LogRHI:   GL_NV_texture_compression_vtc
[2018.06.25-04.20.12:927][  0]LogRHI:   GL_NV_texture_env_combine4
[2018.06.25-04.20.12:927][  0]LogRHI:   GL_NV_texture_multisample
[2018.06.25-04.20.12:927][  0]LogRHI:   GL_NV_texture_rectangle
[2018.06.25-04.20.12:927][  0]LogRHI:   GL_NV_texture_rectangle_compressed
[2018.06.25-04.20.12:927][  0]LogRHI:   GL_NV_texture_shader
[2018.06.25-04.20.12:927][  0]LogRHI:   GL_NV_texture_shader2
[2018.06.25-04.20.12:927][  0]LogRHI:   GL_NV_texture_shader3
[2018.06.25-04.20.12:927][  0]LogRHI:   GL_NV_transform_feedback
[2018.06.25-04.20.12:927][  0]LogRHI:   GL_NV_transform_feedback2
[2018.06.25-04.20.12:927][  0]LogRHI:   GL_NV_uniform_buffer_unified_memory
[2018.06.25-04.20.12:927][  0]LogRHI:   GL_NV_vdpau_interop
[2018.06.25-04.20.12:927][  0]LogRHI:   GL_NV_vertex_array_range
[2018.06.25-04.20.12:927][  0]LogRHI:   GL_NV_vertex_array_range2
[2018.06.25-04.20.12:927][  0]LogRHI:   GL_NV_vertex_attrib_integer_64bit
[2018.06.25-04.20.12:927][  0]LogRHI:   GL_NV_vertex_buffer_unified_memory
[2018.06.25-04.20.12:927][  0]LogRHI:   GL_NV_vertex_program
[2018.06.25-04.20.12:927][  0]LogRHI:   GL_NV_vertex_program1_1
[2018.06.25-04.20.12:927][  0]LogRHI:   GL_NV_vertex_program2
[2018.06.25-04.20.12:927][  0]LogRHI:   GL_NV_vertex_program2_option
[2018.06.25-04.20.12:927][  0]LogRHI:   GL_NV_vertex_program3
[2018.06.25-04.20.12:927][  0]LogRHI:   GL_NV_viewport_array2
[2018.06.25-04.20.12:927][  0]LogRHI:   GL_NV_viewport_swizzle
[2018.06.25-04.20.12:927][  0]LogRHI:   GL_NVX_conditional_render
[2018.06.25-04.20.12:927][  0]LogRHI:   GL_NVX_gpu_memory_info
[2018.06.25-04.20.12:927][  0]LogRHI:   GL_NVX_nvenc_interop
[2018.06.25-04.20.12:927][  0]LogRHI:   GL_NV_shader_thread_group
[2018.06.25-04.20.12:927][  0]LogRHI:   GL_NV_shader_thread_shuffle
[2018.06.25-04.20.12:927][  0]LogRHI:   GL_KHR_blend_equation_advanced
[2018.06.25-04.20.12:927][  0]LogRHI:   GL_KHR_blend_equation_advanced_coherent
[2018.06.25-04.20.12:927][  0]LogRHI:   GL_SGIS_generate_mipmap
[2018.06.25-04.20.12:927][  0]LogRHI:   GL_SGIS_texture_lod
[2018.06.25-04.20.12:927][  0]LogRHI:   GL_SGIX_depth_texture
[2018.06.25-04.20.12:927][  0]LogRHI:   GL_SGIX_shadow
[2018.06.25-04.20.12:927][  0]LogRHI:   GL_SUN_slice_accum
[2018.06.25-04.20.12:929][  0]LogRHI:   GL_MAX_TEXTURE_SIZE: 32768
[2018.06.25-04.20.12:929][  0]LogRHI:   GL_MAX_CUBE_MAP_TEXTURE_SIZE: 32768
[2018.06.25-04.20.12:929][  0]LogRHI:   GL_MAX_ARRAY_TEXTURE_LAYERS: 2048
[2018.06.25-04.20.12:929][  0]LogRHI:   GL_MAX_3D_TEXTURE_SIZE: 16384
[2018.06.25-04.20.12:929][  0]LogRHI:   GL_MAX_RENDERBUFFER_SIZE: 32768
[2018.06.25-04.20.12:929][  0]LogRHI:   GL_MAX_TEXTURE_IMAGE_UNITS: 32
[2018.06.25-04.20.12:929][  0]LogRHI:   GL_MAX_DRAW_BUFFERS: 8
[2018.06.25-04.20.12:929][  0]LogRHI:   GL_MAX_COLOR_ATTACHMENTS: 8
[2018.06.25-04.20.12:929][  0]LogRHI:   GL_MAX_SAMPLES: 32
[2018.06.25-04.20.12:929][  0]LogRHI:   GL_MAX_COLOR_TEXTURE_SAMPLES: 32
[2018.06.25-04.20.12:929][  0]LogRHI:   GL_MAX_DEPTH_TEXTURE_SAMPLES: 32
[2018.06.25-04.20.12:929][  0]LogRHI:   GL_MAX_INTEGER_SAMPLES: 32
[2018.06.25-04.20.12:929][  0]LogRHI:   GL_MAX_COMBINED_TEXTURE_IMAGE_UNITS: 192
[2018.06.25-04.20.12:929][  0]LogRHI:   GL_MAX_VERTEX_ATTRIBS: 16
[2018.06.25-04.20.12:929][  0]LogRHI:   GL_MAX_TEXTURE_MAX_ANISOTROPY_EXT: 16
[2018.06.25-04.20.12:929][  0]LogRHI: OpenGL MajorVersion = 4, MinorVersion = 3, ShaderPlatform = GLSL_430, FeatureLevel = SM5
[2018.06.25-04.20.12:935][  0]LogRHI: Texture pool is 7884 MB (70% of 11264 MB)
[2018.06.25-04.20.12:935][  0]LogShaderCompilers: Guid format shader working directory is 15 characters bigger than the processId version (../../../../AirSim-Unreal4.16/Unreal/Environments/Blocks/Intermediate/Shaders/WorkingDirectory/4892/).
[2018.06.25-04.20.12:935][  0]LogShaderCompilers: Cleaned the shader compiler working directory '../../../../AirSim-Unreal4.16/Unreal/Environments/Blocks/Intermediate/Shaders/tmp/000386F90C060C19001403A79EDC657A/'.
[2018.06.25-04.20.12:935][  0]LogShaderCompilers: Display: Using Local Shader Compiler.
[2018.06.25-04.20.14:187][  0]LogTemp: Display: Loaded TP AllDesktopTargetPlatform
[2018.06.25-04.20.14:621][  0]LogTemp: Display: Loaded TP Android_MultiTargetPlatform
[2018.06.25-04.20.14:682][  0]LogTemp: Display: Loaded TP AndroidTargetPlatform
[2018.06.25-04.20.14:682][  0]LogTemp: Display: Loaded TP Android_ETC2TargetPlatform
[2018.06.25-04.20.14:682][  0]LogTemp: Display: Loaded TP Android_PVRTCTargetPlatform
[2018.06.25-04.20.14:682][  0]LogTemp: Display: Loaded TP Android_ETC1TargetPlatform
[2018.06.25-04.20.14:682][  0]LogTemp: Display: Loaded TP Android_ATCTargetPlatform
[2018.06.25-04.20.14:682][  0]LogTemp: Display: Loaded TP Android_ASTCTargetPlatform
[2018.06.25-04.20.14:682][  0]LogTemp: Display: Loaded TP Android_DXTTargetPlatform
[2018.06.25-04.20.14:735][  0]LogTemp: Display: Loaded TP HTML5TargetPlatform
[2018.06.25-04.20.14:795][  0]LogTemp: Display: Loaded TP LinuxServerTargetPlatform
[2018.06.25-04.20.14:855][  0]LogTemp: Display: Loaded TP LinuxNoEditorTargetPlatform
[2018.06.25-04.20.14:915][  0]LogTemp: Display: Loaded TP LinuxClientTargetPlatform
[2018.06.25-04.20.14:970][  0]LogTemp: Display: Loaded TP LinuxTargetPlatform
[2018.06.25-04.20.14:970][  0]LogTargetPlatformManager: Display: Building Assets For Linux
[2018.06.25-04.20.15:209][  0]LogDerivedDataCache: Display: Max Cache Size: 512 MB
[2018.06.25-04.20.15:268][  0]LogDerivedDataCache: Loaded boot cache 0.06s 120MB ../../../../AirSim-Unreal4.16/Unreal/Environments/Blocks/DerivedDataCache/Boot.ddc.
[2018.06.25-04.20.15:268][  0]LogDerivedDataCache: Display: Loaded Boot cache: ../../../../AirSim-Unreal4.16/Unreal/Environments/Blocks/DerivedDataCache/Boot.ddc
[2018.06.25-04.20.15:268][  0]LogDerivedDataCache: FDerivedDataBackendGraph:  Pak pak cache file ../../../../AirSim-Unreal4.16/Unreal/Environments/Blocks/DerivedDataCache/DDC.ddp not found, will not use a pak cache.
[2018.06.25-04.20.15:268][  0]LogDerivedDataCache: Unable to find inner node Pak for hierarchical cache Hierarchy.
[2018.06.25-04.20.15:268][  0]LogDerivedDataCache: FDerivedDataBackendGraph:  EnginePak pak cache file ../../../Engine/DerivedDataCache/DDC.ddp not found, will not use a pak cache.
[2018.06.25-04.20.15:268][  0]LogDerivedDataCache: Unable to find inner node EnginePak for hierarchical cache Hierarchy.
[2018.06.25-04.20.15:270][  0]LogDerivedDataCache: Using Local data cache path ../../../Engine/DerivedDataCache: Writable
[2018.06.25-04.20.15:270][  0]LogDerivedDataCache: Shared data cache path not found in *engine.ini, will not use an Shared cache.
[2018.06.25-04.20.15:270][  0]LogDerivedDataCache: Unable to find inner node Shared for hierarchical cache Hierarchy.
[2018.06.25-04.20.15:279][  0]LogMaterial: Verifying Global Shaders for GLSL_430
[2018.06.25-04.20.15:279][  0]LogSlate: Using Freetype 2.6.0
[2018.06.25-04.20.15:280][  0]LogSlate: SlateFontCache - WITH_FREETYPE: 1, WITH_HARFBUZZ: 0
[2018.06.25-04.20.15:280][  0]LogSlate: SlateFontCache - WITH_FREETYPE: 1, WITH_HARFBUZZ: 0
[2018.06.25-04.20.15:475][  0]LogAssetRegistry: FAssetRegistry took 0.0041 seconds to start up
[2018.06.25-04.20.15:483][  0]LogPackageLocalizationCache: Processed 6 localized package path(s) for 2 prioritized culture(s) in 0.005585 seconds
[2018.06.25-04.20.15:657][  0]LogLinux: Selected Device Profile: [Linux]
[2018.06.25-04.20.15:659][  0]LogContentStreaming: Texture pool size is 1000.00 MB
[2018.06.25-04.20.15:936][  0]LogMeshReduction: Using QuadricMeshReduction for automatic static mesh reduction
[2018.06.25-04.20.15:936][  0]LogMeshReduction: No automatic skeletal mesh reduction module available
[2018.06.25-04.20.15:936][  0]LogMeshReduction: No automatic mesh merging module available
[2018.06.25-04.20.15:936][  0]LogMeshReduction: No distributed automatic mesh merging module available
[2018.06.25-04.20.15:936][  0]LogMeshMerging: No automatic mesh merging module available
[2018.06.25-04.20.15:936][  0]LogMeshMerging: No distributed automatic mesh merging module available
[2018.06.25-04.20.16:103][  0]LogNetVersion: Blocks , NetCL: 0, EngineNetVer: 2, GameNetVer: 0 (Checksum: 2429052791)
[2018.06.25-04.20.16:549][  0]LogHAL: Linux SourceCodeAccessSettings: NullSourceCodeAccessor
[2018.06.25-04.20.17:599][  0]LogMoviePlayer: Initializing movie player
[2018.06.25-04.20.18:265][  0]LogCollectionManager: Loaded 0 collections in 0.000640 seconds
[2018.06.25-04.20.18:267][  0]LogFileCache: Scanning file cache for directory '/home/airscan01/airsim/AirSim-Unreal4.16/Unreal/Environments/Blocks/Saved/Collections/' took 0.00s
[2018.06.25-04.20.18:267][  0]LogFileCache: Scanning file cache for directory '/home/airscan01/airsim/AirSim-Unreal4.16/Unreal/Environments/Blocks/Content/Developers/airscan01/Collections/' took 0.00s
[2018.06.25-04.20.18:267][  0]LogFileCache: Scanning file cache for directory '/home/airscan01/airsim/AirSim-Unreal4.16/Unreal/Environments/Blocks/Content/Collections/' took 0.00s
[2018.06.25-04.20.18:267][  0]LogCollectionManager: Rebuilt the object cache for 0 collections in 0.000000 seconds (found 0 objects)
[2018.06.25-04.20.18:267][  0]LogCollectionManager: Fixed up redirectors for 0 collections in 0.000040 seconds (updated 0 objects)
[2018.06.25-04.20.18:389][  0]LogUdpMessaging: Initializing bridge on interface 0.0.0.0:0 to multicast group 230.0.0.1:6666.
[2018.06.25-04.20.19:223][  0]LogAirSim: StartupModule: AirSim plugin
[2018.06.25-04.20.19:334][  0]SourceControl: Source control is disabled
[2018.06.25-04.20.19:334][  0]SourceControl: Source control is disabled
[2018.06.25-04.20.19:394][  0]SourceControl: Source control is disabled
[2018.06.25-04.20.19:632][  0]LogAndroidPermission: UAndroidPermissionCallbackProxy::GetInstance
[2018.06.25-04.20.19:845][  0]LogUObjectArray: 41677 objects as part of root set at end of initial load.
[2018.06.25-04.20.19:845][  0]LogUObjectAllocator: 9319616 out of 0 bytes used by permanent object pool.
[2018.06.25-04.20.19:845][  0]LogUObjectArray: CloseDisregardForGC: 0/0 objects in disregard for GC pool
[2018.06.25-04.20.19:935][  0]LogEngine: Initializing Engine...
[2018.06.25-04.20.19:936][  0]LogHMD: Failed to initialize OpenVR with code 110
[2018.06.25-04.20.20:201][  0]LogStats: UGameplayTagsManager::ConstructGameplayTagTree: Construct from data asset -  0.000 s
[2018.06.25-04.20.20:201][  0]LogStats: UGameplayTagsManager::ConstructGameplayTagTree: GameplayTagTreeChangedEvent.Broadcast -  0.000 s
[2018.06.25-04.20.20:207][  0]LogALAudio: ALAudio device opened : OpenAL Soft
[2018.06.25-04.20.20:208][  0]LogALAudio: AL_VENDOR      : OpenAL Community
[2018.06.25-04.20.20:208][  0]LogALAudio: AL_RENDERER    : OpenAL Soft
[2018.06.25-04.20.20:208][  0]LogALAudio: AL_VERSION     : 1.1 ALSOFT 1.15.1
[2018.06.25-04.20.20:208][  0]LogALAudio: AL_EXTENSIONS  : AL_EXT_ALAW AL_EXT_DOUBLE AL_EXT_EXPONENT_DISTANCE AL_EXT_FLOAT32 AL_EXT_IMA4 AL_EXT_LINEAR_DISTANCE AL_EXT_MCFORMATS AL_EXT_MULAW AL_EXT_MULAW_MCFORMATS AL_EXT_OFFSET AL_EXT_source_distance_model AL_LOKI_quadriphonic AL_SOFT_buffer_samples AL_SOFT_buffer_sub_data AL_SOFTX_deferred_updates AL_SOFT_direct_channels AL_SOFT_loop_points AL_SOFT_source_latency
[2018.06.25-04.20.20:208][  0]LogInit: FAudioDevice initialized.
[2018.06.25-04.20.20:213][  0]LogInit: Texture streaming: Enabled
[2018.06.25-04.20.20:243][  0]LogMaterial: Uniform references updated for custom material expression Custom.
[2018.06.25-04.20.20:616][  0]LogSlateStyle: Warning: Unable to find Slate Widget Style 'NormalText'. Using FTextBlockStyle defaults instead.
[2018.06.25-04.20.20:616][  0]LogSlateStyle: Warning: Unable to find Slate Widget Style 'SpinBox'. Using FSpinBoxStyle defaults instead.
[2018.06.25-04.20.20:889][  0]LogInit: Display: Game Engine Initialized.
[2018.06.25-04.20.20:889][  0]LogGameplayTags: Display: UGameplayTagsManager::DoneAddingNativeTags. DelegateIsBound: 0
[2018.06.25-04.20.20:911][  0]LogInit: Display: Starting Game.
[2018.06.25-04.20.20:911][  0]LogNet: Browse: /Temp/Autosaves/Game/FlyingCPP/Maps/UEDPCFlyingExampleMap?Name=Player
[2018.06.25-04.20.20:912][  0]LogLoad: LoadMap: /Temp/Autosaves/Game/FlyingCPP/Maps/UEDPCFlyingExampleMap?Name=Player
[2018.06.25-04.20.20:935][  0]LogMemory: Platform Memory Stats for Linux
[2018.06.25-04.20.20:935][  0]LogMemory: Process Physical Memory: 1112.20 MB used, 1136.46 MB peak
[2018.06.25-04.20.20:935][  0]LogMemory: Process Virtual Memory: 5274.85 MB used, 5333.88 MB peak
[2018.06.25-04.20.20:935][  0]LogMemory: Physical Memory: 5909.25 MB used,  10071.21 MB free, 15980.46 MB total
[2018.06.25-04.20.20:935][  0]LogMemory: Virtual Memory: 0.00 MB used,  10071.21 MB free, 16323.00 MB total
[2018.06.25-04.20.20:935][  0]LogMemory: 
[2018.06.25-04.20.20:935][  0]FMallocBinned2 Mem report
[2018.06.25-04.20.20:935][  0]Small Pool
[2018.06.25-04.20.20:935][  0]Requested Allocations: 200.016541mb  (including block size padding)
[2018.06.25-04.20.20:935][  0]OS Allocated: 206.125000mb
[2018.06.25-04.20.20:935][  0]Large Pool
[2018.06.25-04.20.20:935][  0]Requested Allocations: 350.716629mb
[2018.06.25-04.20.20:935][  0]OS Allocated: 351.953125mb
[2018.06.25-04.20.20:935][  0]OS Page Allocator
[2018.06.25-04.20.20:935][  0]Cached free pages: 0.000000mb
[2018.06.25-04.20.21:176][  0]LogAIModule: Creating AISystem for world FlyingExampleMap
[2018.06.25-04.20.21:176][  0]LogLoad: Game class is 'AirSimGameMode'
[2018.06.25-04.20.21:182][  0]LogWorld: Bringing World /Temp/Autosaves/Game/FlyingCPP/Maps/UEDPCFlyingExampleMap.FlyingExampleMap up for play (max tick rate 0) at 2018.06.25-12.20.21
[2018.06.25-04.20.21:182][  0]LogWorld: Bringing up level for play took: 0.005934
[2018.06.25-04.20.25:492][  0]r.CustomDepth = "3"
[2018.06.25-04.20.25:495][  0]LogActor: Warning: BP_CameraDirector_C /Temp/Autosaves/Game/FlyingCPP/Maps/UEDPCFlyingExampleMap.FlyingExampleMap:PersistentLevel.BP_CameraDirector_C_0 has natively added scene component(s), but none of them were set as the actor's RootComponent - picking one arbitrarily
[2018.06.25-04.20.25:649][  0]LogLoad: Took 4.737703 seconds to LoadMap(/Temp/Autosaves/Game/FlyingCPP/Maps/UEDPCFlyingExampleMap)
[2018.06.25-04.20.25:901][  0]LogRenderer: Reallocating scene render targets to support 1280x720 Format 10 NumSamples 1 (Frame:1).
[2018.06.25-04.20.25:901][  0]LogLoad: (Engine Initialization) Total time: 14.96 seconds
[2018.06.25-04.20.25:901][  0]LogLoad: (Engine Initialization) Total Blueprint compile time: 0.00 seconds
[2018.06.25-04.20.25:902][  0]LogExternalProfiler: No external profilers were discovered.  External profiling features will not be available.
[2018.06.25-04.20.25:921][  0]LogInit: Adding external input plugin.
[2018.06.25-04.20.26:034][  2]LogLinux: Setting swap interval to 'Immediate'
[2018.06.25-04.20.29:913][243]LogTcpMessaging: Initializing TcpMessaging bridge
[2018.06.25-04.22.16:067][812]LogEngine: All Windows Closed
[2018.06.25-04.22.16:067][812]LogLinux: FLinuxPlatformMisc::RequestExit(0)
[2018.06.25-04.22.16:067][812]LogGenericPlatformMisc: FPlatformMisc::RequestExit(0)
[2018.06.25-04.22.16:068][813]LogALAudio: Closing ALAudio device : OpenAL Soft
[2018.06.25-04.22.16:071][813]LogExit: Preparing to exit.
[2018.06.25-04.22.16:071][813]LogMoviePlayer: Shutting down movie player
[2018.06.25-04.22.16:716][813]LogExit: Game engine shut down
[2018.06.25-04.22.16:762][813]LogExit: Object subsystem successfully closed.
[2018.06.25-04.22.16:794][813]LogModuleManager: Shutting down and abandoning module TcpMessaging (314)
[2018.06.25-04.22.16:921][813]LogModuleManager: Shutting down and abandoning module AndroidDeviceDetection (312)
[2018.06.25-04.22.17:921][813]LogModuleManager: Shutting down and abandoning module SequenceRecorderSections (310)
[2018.06.25-04.22.17:921][813]LogModuleManager: Shutting down and abandoning module SequenceRecorder (308)
[2018.06.25-04.22.17:921][813]LogModuleManager: Shutting down and abandoning module AutomationController (306)
[2018.06.25-04.22.17:922][813]LogModuleManager: Shutting down and abandoning module AutomationWorker (304)
[2018.06.25-04.22.17:922][813]LogModuleManager: Shutting down and abandoning module AIModule (302)
[2018.06.25-04.22.17:922][813]LogModuleManager: Shutting down and abandoning module GameplayDebugger (301)
[2018.06.25-04.22.17:922][813]LogModuleManager: Shutting down and abandoning module AITestSuite (299)
[2018.06.25-04.22.17:922][813]LogModuleManager: Shutting down and abandoning module HotReload (296)
[2018.06.25-04.22.17:922][813]LogModuleManager: Shutting down and abandoning module WmfMediaFactory (294)
[2018.06.25-04.22.17:922][813]LogModuleManager: Shutting down and abandoning module AvfMediaFactory (292)
[2018.06.25-04.22.17:922][813]LogModuleManager: Shutting down and abandoning module AndroidMediaFactory (290)
[2018.06.25-04.22.17:922][813]LogModuleManager: Shutting down and abandoning module Media (289)
[2018.06.25-04.22.17:922][813]LogModuleManager: Shutting down and abandoning module CharacterAI (286)
[2018.06.25-04.22.17:922][813]LogModuleManager: Shutting down and abandoning module SessionServices (284)
[2018.06.25-04.22.17:922][813]LogModuleManager: Shutting down and abandoning module MovieSceneCapture (282)
[2018.06.25-04.22.17:922][813]LogModuleManager: Shutting down and abandoning module MovieSceneTracks (280)
[2018.06.25-04.22.17:922][813]LogModuleManager: Shutting down and abandoning module MovieScene (278)
[2018.06.25-04.22.17:923][813]LogModuleManager: Shutting down and abandoning module GeometryCache (276)
[2018.06.25-04.22.17:923][813]LogModuleManager: Shutting down and abandoning module GeometryCacheEd (275)
[2018.06.25-04.22.17:923][813]LogModuleManager: Shutting down and abandoning module Niagara (272)
[2018.06.25-04.22.17:923][813]LogModuleManager: Shutting down and abandoning module NiagaraEditor (271)
[2018.06.25-04.22.17:923][813]LogModuleManager: Shutting down and abandoning module StreamingPauseRendering (268)
[2018.06.25-04.22.17:923][813]LogModuleManager: Shutting down and abandoning module PortalServices (266)
[2018.06.25-04.22.17:923][813]LogModuleManager: Shutting down and abandoning module PortalRpc (264)
[2018.06.25-04.22.17:923][813]LogModuleManager: Shutting down and abandoning module MessagingRpc (262)
[2018.06.25-04.22.17:923][813]LogModuleManager: Shutting down and abandoning module ProfilerService (260)
[2018.06.25-04.22.18:159][813]LogModuleManager: Shutting down and abandoning module TaskGraph (258)
[2018.06.25-04.22.18:159][813]LogModuleManager: Shutting down and abandoning module ProceduralMeshComponent (256)
[2018.06.25-04.22.18:159][813]LogModuleManager: Shutting down and abandoning module CableComponent (254)
[2018.06.25-04.22.18:159][813]LogModuleManager: Shutting down and abandoning module SteamVRController (252)
[2018.06.25-04.22.18:159][813]LogModuleManager: Shutting down and abandoning module ArchVisCharacter (250)
[2018.06.25-04.22.18:159][813]LogModuleManager: Shutting down and abandoning module AndroidPermission (248)
[2018.06.25-04.22.18:159][813]LogModuleManager: Shutting down and abandoning module CustomMeshComponent (246)
[2018.06.25-04.22.18:159][813]LogModuleManager: Shutting down and abandoning module MobilePatchingUtils (244)
[2018.06.25-04.22.18:159][813]LogModuleManager: Shutting down and abandoning module UObjectPlugin (240)
[2018.06.25-04.22.18:159][813]LogModuleManager: Shutting down and abandoning module KDevelopSourceCodeAccess (238)
[2018.06.25-04.22.18:159][813]LogModuleManager: Shutting down and abandoning module CodeLiteSourceCodeAccess (236)
[2018.06.25-04.22.18:159][813]LogModuleManager: Shutting down and abandoning module DesktopPlatform (235)
[2018.06.25-04.22.18:159][813]LogModuleManager: Shutting down and abandoning module PerforceSourceControl (232)
[2018.06.25-04.22.18:159][813]LogModuleManager: Shutting down and abandoning module SubversionSourceControl (230)
[2018.06.25-04.22.18:159][813]LogModuleManager: Shutting down and abandoning module SourceControl (229)
[2018.06.25-04.22.18:159][813]LogModuleManager: Shutting down and abandoning module Blocks (226)
[2018.06.25-04.22.18:159][813]LogModuleManager: Shutting down and abandoning module AirSim (224)
[2018.06.25-04.22.18:159][813]LogModuleManager: Shutting down and abandoning module Paper2D (222)
[2018.06.25-04.22.18:159][813]LogModuleManager: Shutting down and abandoning module LightPropagationVolumeRuntime (220)
[2018.06.25-04.22.18:159][813]LogModuleManager: Shutting down and abandoning module RuntimePhysXCooking (218)
[2018.06.25-04.22.18:159][813]LogModuleManager: Shutting down and abandoning module ImmediatePhysicsEditor (216)
[2018.06.25-04.22.18:159][813]LogModuleManager: Shutting down and abandoning module ImmediatePhysics (214)
[2018.06.25-04.22.18:159][813]LogModuleManager: Shutting down and abandoning module LocationServicesBPLibrary (212)
[2018.06.25-04.22.18:159][813]LogModuleManager: Shutting down and abandoning module PhysXVehiclesEditor (210)
[2018.06.25-04.22.18:159][813]LogModuleManager: Shutting down and abandoning module PhysXVehicles (208)
[2018.06.25-04.22.18:159][813]LogModuleManager: Shutting down and abandoning module UdpMessaging (206)
[2018.06.25-04.22.18:259][813]LogModuleManager: Shutting down and abandoning module GameplayTagsEditor (204)
[2018.06.25-04.22.18:259][813]LogModuleManager: Shutting down and abandoning module AssetManagerEditor (202)
[2018.06.25-04.22.18:260][813]LogModuleManager: Shutting down and abandoning module GraphEditor (201)
[2018.06.25-04.22.18:260][813]LogModuleManager: Shutting down and abandoning module ContentBrowser (199)
[2018.06.25-04.22.18:260][813]LogModuleManager: Shutting down and abandoning module CollectionManager (198)
[2018.06.25-04.22.18:260][813]LogModuleManager: Shutting down and abandoning module DirectoryWatcher (197)
[2018.06.25-04.22.18:276][813]LogModuleManager: Shutting down and abandoning module FacialAnimation (192)
[2018.06.25-04.22.18:276][813]LogModuleManager: Shutting down and abandoning module NullSourceCodeAccess (190)
[2018.06.25-04.22.18:276][813]LogModuleManager: Shutting down and abandoning module PacketHandler (188)
[2018.06.25-04.22.18:276][813]LogModuleManager: Shutting down and abandoning module ClothingSystemEditor (186)
[2018.06.25-04.22.18:276][813]LogModuleManager: Shutting down and abandoning module ClothingSystemRuntime (184)
[2018.06.25-04.22.18:276][813]LogModuleManager: Shutting down and abandoning module Overlay (182)
[2018.06.25-04.22.18:276][813]LogModuleManager: Shutting down and abandoning module OverlayEditor (181)
[2018.06.25-04.22.18:276][813]LogModuleManager: Shutting down and abandoning module MediaAssets (178)
[2018.06.25-04.22.18:276][813]LogModuleManager: Shutting down and abandoning module VREditor (176)
[2018.06.25-04.22.18:276][813]LogModuleManager: Shutting down and abandoning module StringTableEditor (174)
[2018.06.25-04.22.18:276][813]LogModuleManager: Shutting down and abandoning module GameplayTasksEditor (172)
[2018.06.25-04.22.18:276][813]LogModuleManager: Shutting down and abandoning module BehaviorTreeEditor (170)
[2018.06.25-04.22.18:276][813]LogModuleManager: Shutting down and abandoning module FunctionalTesting (168)
[2018.06.25-04.22.18:276][813]LogModuleManager: Shutting down and abandoning module CollisionAnalyzer (166)
[2018.06.25-04.22.18:276][813]LogModuleManager: Shutting down and abandoning module WorkspaceMenuStructure (165)
[2018.06.25-04.22.18:276][813]LogModuleManager: Shutting down and abandoning module UMG (162)
[2018.06.25-04.22.18:276][813]LogModuleManager: Shutting down and abandoning module UMGEditor (161)
[2018.06.25-04.22.18:276][813]LogModuleManager: Shutting down and abandoning module Sequencer (160)
[2018.06.25-04.22.18:276][813]LogModuleManager: Shutting down and abandoning module MessageLog (157)
[2018.06.25-04.22.18:276][813]LogModuleManager: Shutting down and abandoning module SlateReflector (152)
[2018.06.25-04.22.18:277][813]LogModuleManager: Shutting down and abandoning module Slate (150)
[2018.06.25-04.22.18:277][813]LogModuleManager: Shutting down and abandoning module EditorStyle (148)
[2018.06.25-04.22.18:277][813]LogModuleManager: Shutting down and abandoning module MRMesh (146)
[2018.06.25-04.22.18:277][813]LogModuleManager: Shutting down and abandoning module Messaging (144)
[2018.06.25-04.22.18:277][813]LogModuleManager: Shutting down and abandoning module SourceCodeAccess (142)
[2018.06.25-04.22.18:278][813]LogModuleManager: Shutting down and abandoning module HeadMountedDisplay (140)
[2018.06.25-04.22.18:278][813]LogModuleManager: Shutting down and abandoning module ALAudio (138)
[2018.06.25-04.22.18:278][813]LogModuleManager: Shutting down and abandoning module Networking (136)
[2018.06.25-04.22.18:278][813]LogModuleManager: Shutting down and abandoning module Core (132)
[2018.06.25-04.22.18:278][813]LogModuleManager: Shutting down and abandoning module LevelSequence (130)
[2018.06.25-04.22.18:278][813]LogModuleManager: Shutting down and abandoning module KismetCompiler (128)
[2018.06.25-04.22.18:278][813]LogModuleManager: Shutting down and abandoning module MeshUtilities (126)
[2018.06.25-04.22.18:278][813]LogModuleManager: Shutting down and abandoning module MeshMergeUtilities (125)
[2018.06.25-04.22.18:278][813]LogModuleManager: Shutting down and abandoning module MeshReductionInterface (124)
[2018.06.25-04.22.18:278][813]LogModuleManager: Shutting down and abandoning module QuadricMeshReduction (123)
[2018.06.25-04.22.18:278][813]LogModuleManager: Shutting down and abandoning module MaterialBaking (119)
[2018.06.25-04.22.18:278][813]LogModuleManager: Shutting down and abandoning module DerivedDataCache (114)
[2018.06.25-04.22.18:341][813]LogDerivedDataCache: Shutdown
[2018.06.25-04.22.18:341][813]LogModuleManager: Shutting down and abandoning module TargetPlatform (112)
[2018.06.25-04.22.18:341][813]LogModuleManager: Shutting down and abandoning module ShaderFormatOpenGL (111)
[2018.06.25-04.22.18:341][813]LogModuleManager: Shutting down and abandoning module VulkanShaderFormat (109)
[2018.06.25-04.22.18:341][813]LogModuleManager: Shutting down and abandoning module ShaderFormatVectorVM (107)
[2018.06.25-04.22.18:341][813]LogModuleManager: Shutting down and abandoning module TextureFormatDXT (105)
[2018.06.25-04.22.18:341][813]LogModuleManager: Shutting down and abandoning module TextureFormatASTC (103)
[2018.06.25-04.22.18:341][813]LogModuleManager: Shutting down and abandoning module ImageWrapper (102)
[2018.06.25-04.22.18:341][813]LogModuleManager: Shutting down and abandoning module TextureFormatIntelISPCTexComp (99)
[2018.06.25-04.22.18:341][813]LogModuleManager: Shutting down and abandoning module TextureFormatUncompressed (97)
[2018.06.25-04.22.18:341][813]LogModuleManager: Shutting down and abandoning module TextureFormatPVR (95)
[2018.06.25-04.22.18:341][813]LogModuleManager: Shutting down and abandoning module AudioFormatOgg (93)
[2018.06.25-04.22.18:341][813]LogModuleManager: Shutting down and abandoning module AudioFormatOpus (91)
[2018.06.25-04.22.18:341][813]LogModuleManager: Shutting down and abandoning module AudioFormatADPCM (89)
[2018.06.25-04.22.18:341][813]LogModuleManager: Shutting down and abandoning module LinuxTargetPlatform (87)
[2018.06.25-04.22.18:341][813]LogModuleManager: Shutting down and abandoning module LinuxClientTargetPlatform (85)
[2018.06.25-04.22.18:341][813]LogModuleManager: Shutting down and abandoning module LinuxNoEditorTargetPlatform (83)
[2018.06.25-04.22.18:341][813]LogModuleManager: Shutting down and abandoning module LinuxServerTargetPlatform (81)
[2018.06.25-04.22.18:341][813]LogModuleManager: Shutting down and abandoning module HTML5TargetPlatform (79)
[2018.06.25-04.22.18:341][813]LogModuleManager: Shutting down and abandoning module AndroidTargetPlatform (77)
[2018.06.25-04.22.18:341][813]LogModuleManager: Shutting down and abandoning module Android_ETC1TargetPlatform (75)
[2018.06.25-04.22.18:341][813]LogModuleManager: Shutting down and abandoning module Android_ETC2TargetPlatform (73)
[2018.06.25-04.22.18:341][813]LogModuleManager: Shutting down and abandoning module Android_ATCTargetPlatform (71)
[2018.06.25-04.22.18:341][813]LogModuleManager: Shutting down and abandoning module Android_DXTTargetPlatform (69)
[2018.06.25-04.22.18:341][813]LogModuleManager: Shutting down and abandoning module Android_PVRTCTargetPlatform (67)
[2018.06.25-04.22.18:341][813]LogModuleManager: Shutting down and abandoning module Android_ASTCTargetPlatform (65)
[2018.06.25-04.22.18:341][813]LogModuleManager: Shutting down and abandoning module Android_MultiTargetPlatform (63)
[2018.06.25-04.22.18:341][813]LogModuleManager: Shutting down and abandoning module AllDesktopTargetPlatform (61)
[2018.06.25-04.22.18:341][813]LogModuleManager: Shutting down and abandoning module InputCore (58)
[2018.06.25-04.22.18:341][813]LogModuleManager: Shutting down and abandoning module Settings (56)
[2018.06.25-04.22.18:341][813]LogModuleManager: Shutting down and abandoning module PhysXCooking (54)
[2018.06.25-04.22.18:341][813]LogModuleManager: Shutting down and abandoning module SteamVR (52)
[2018.06.25-04.22.18:341][813]LogModuleManager: Shutting down and abandoning module ExampleDeviceProfileSelector (50)
[2018.06.25-04.22.18:341][813]LogModuleManager: Shutting down and abandoning module LinuxDeviceProfileSelector (48)
[2018.06.25-04.22.18:341][813]LogModuleManager: Shutting down and abandoning module OnlineBlueprintSupport (46)
[2018.06.25-04.22.18:342][813]LogModuleManager: Shutting down and abandoning module OnlineSubsystem (42)
[2018.06.25-04.22.18:342][813]LogOnline: Display: Unloading online subsystem: NULL
[2018.06.25-04.22.18:342][813]LogModuleManager: Shutting down and abandoning module XMPP (41)
[2018.06.25-04.22.18:342][813]LogModuleManager: Shutting down and abandoning module HTTP (39)
[2018.06.25-04.22.18:351][813]LogModuleManager: Shutting down and abandoning module SSL (38)
[2018.06.25-04.22.18:352][813]LogModuleManager: Shutting down and abandoning module AnimationModifiers (34)
[2018.06.25-04.22.18:352][813]LogModuleManager: Shutting down and abandoning module PropertyEditor (33)
[2018.06.25-04.22.18:352][813]LogModuleManager: Shutting down and abandoning module AudioEditor (30)
[2018.06.25-04.22.18:352][813]LogModuleManager: Shutting down and abandoning module TextureCompressor (28)
[2018.06.25-04.22.18:352][813]LogModuleManager: Shutting down and abandoning module ShaderCore (26)
[2018.06.25-04.22.18:352][813]LogModuleManager: Shutting down and abandoning module Landscape (24)
[2018.06.25-04.22.18:352][813]LogModuleManager: Shutting down and abandoning module SlateRHIRenderer (22)
[2018.06.25-04.22.18:353][813]LogModuleManager: Shutting down and abandoning module OpenGLDrv (20)
[2018.06.25-04.22.18:353][813]LogModuleManager: Shutting down and abandoning module AnimGraphRuntime (18)
[2018.06.25-04.22.18:353][813]LogModuleManager: Shutting down and abandoning module Renderer (16)
[2018.06.25-04.22.18:353][813]LogModuleManager: Shutting down and abandoning module Engine (14)
[2018.06.25-04.22.18:353][813]LogModuleManager: Shutting down and abandoning module CoreUObject (12)
[2018.06.25-04.22.18:353][813]LogModuleManager: Shutting down and abandoning module NetworkFile (10)
[2018.06.25-04.22.18:353][813]LogModuleManager: Shutting down and abandoning module CookedIterativeFile (8)
[2018.06.25-04.22.18:353][813]LogModuleManager: Shutting down and abandoning module StreamingFile (6)
[2018.06.25-04.22.18:353][813]LogModuleManager: Shutting down and abandoning module SandboxFile (4)
[2018.06.25-04.22.18:353][813]LogModuleManager: Shutting down and abandoning module PakFile (2)
[2018.06.25-04.22.18:354][813]LogExit: Exiting.
[2018.06.25-04.22.18:354][813]LogInit: Tearing down SDL.
[2018.06.25-04.22.18:367][813]Log file closed, 06/25/18 12:22:18
