Log file open, 06/22/18 15:48:58
LogPlatformFile: Not using cached read wrapper
LogInit: Display: RandInit(1136080603) SRandInit(1136080604).
LogTaskGraph: Started task graph with 4 named threads and 9 total threads with 1 sets of task threads.
LogInit: Build: ++UE4+Release-4.17-CL-0
LogInit: Engine Version: 4.17.2-0+++UE4+Release-4.17
LogInit: Compatible Engine Version: 4.17.0-0+++UE4+Release-4.17
LogInit: Net CL: 0
LogInit: Compiled (64-bit): Jun 18 2018 13:58:47
LogInit: Compiled with Clang: 3.8.0 (tags/RELEASE_380/final)
LogInit: Build Configuration: Shipping
LogInit: Branch Name: ++UE4+Release-4.17
LogInit: Command line:  -Abslog=/home/airscan01/airsim/AirSim-Unreal4.16/Unreal/Environments/Blocks/Saved/Logs/Blocks-CRC.log /home/airscan01/airsim/AirSim-Unreal4.16/Unreal/Environments/Blocks/Saved/Crashes/crashinfo-Blocks-pid-30261-1D89422E3A060F16003001F8144B62B5/
LogInit: Base directory: /home/airscan01/airsim/UnrealEngine-4.17/Engine/Binaries/Linux/
LogInit: Installed Engine Build: 1
LogInit: Presizing for max 100000 objects, including 0 objects not considered by GC, pre-allocating 0 bytes for permanent pool.
LogInit: Object subsystem initialized
[2018.06.22-07.48.58:616][  0]LogInit: Linux hardware info:
[2018.06.22-07.48.58:616][  0]LogInit:  - we are the first instance of this executable
[2018.06.22-07.48.58:616][  0]LogInit:  - this process' id (pid) is 9135, parent process' id (ppid) is 30261
[2018.06.22-07.48.58:616][  0]LogInit:  - we are not running under debugger
[2018.06.22-07.48.58:616][  0]LogInit:  - machine network name is 'airscan01-Z370-AORUS-Gaming-7'
[2018.06.22-07.48.58:616][  0]LogInit:  - user name is 'airscan01' (airscan01)
[2018.06.22-07.48.58:616][  0]LogInit:  - we're logged in locally
[2018.06.22-07.48.58:616][  0]LogInit:  - we're running with rendering
[2018.06.22-07.48.58:616][  0]LogInit:  - CPU: GenuineIntel 'Intel(R) Core(TM) i7-8700 CPU @ 3.20GHz' (signature: 0x906EA)
[2018.06.22-07.48.58:616][  0]LogInit:  - Number of physical cores available for the process: 6
[2018.06.22-07.48.58:616][  0]LogInit:  - Number of logical cores available for the process: 12
[2018.06.22-07.48.58:616][  0]LogInit:  - Cache line size: 64
[2018.06.22-07.48.58:616][  0]LogInit:  - Memory allocator used: binned2
[2018.06.22-07.48.58:616][  0]LogLinux: Skipped benchmarking clocks because the engine is running in a standalone program mode - CLOCK_REALTIME will be used.
[2018.06.22-07.48.58:616][  0]LogInit: Linux-specific commandline switches:
[2018.06.22-07.48.58:616][  0]LogInit:  -nodwarf (currently OFF): suppress parsing of DWARF debug info (callstacks will be generated faster, but won't have line numbers)
[2018.06.22-07.48.58:616][  0]LogInit:  -ansimalloc - use malloc()/free() from libc (useful for tools like valgrind and electric fence)
[2018.06.22-07.48.58:616][  0]LogInit:  -jemalloc - use jemalloc for all memory allocation
[2018.06.22-07.48.58:616][  0]LogInit:  -binnedmalloc - use binned malloc  for all memory allocation
[2018.06.22-07.48.58:617][  0]LogInit:  -httpproxy=ADDRESS:PORT - redirects HTTP requests to a proxy (only supported if compiled with libcurl)
[2018.06.22-07.48.58:617][  0]LogInit:  -reuseconn - allow libcurl to reuse HTTP connections (only matters if compiled with libcurl)
[2018.06.22-07.48.58:617][  0]LogInit:  -virtmemkb=NUMBER - sets process virtual memory (address space) limit (overrides VirtualMemoryLimitInKB value from .ini)
[2018.06.22-07.48.58:617][  0]LogInit:  - Physical RAM available (not considering process quota): 16 GB (15980 MB, 16363988 KB, 16756723712 bytes)
[2018.06.22-07.48.58:618][  0]LogUObjectArray: 149 objects as part of root set at end of initial load.
[2018.06.22-07.48.58:618][  0]LogUObjectAllocator: 24528 out of 0 bytes used by permanent object pool.
[2018.06.22-07.48.58:618][  0]LogUObjectArray: CloseDisregardForGC: 0/0 objects in disregard for GC pool
[2018.06.22-07.48.58:618][  0]LogInit: Using OS detected language ().
[2018.06.22-07.48.58:618][  0]LogInit: Using OS detected locale ().
[2018.06.22-07.48.58:618][  0]LogTextLocalizationManager: No localization for '' exists, so 'en' will be used for the language.
[2018.06.22-07.48.58:618][  0]LogTextLocalizationManager: No localization for '' exists, so 'en' will be used for the locale.
[2018.06.22-07.48.58:620][  0]CrashReportClientLog: CrashReportClientVersion=1.0
[2018.06.22-07.48.58:620][  0]CrashReportClientLog: CrashReportReceiver disabled
[2018.06.22-07.48.58:620][  0]CrashReportClientLog: DataRouterUrl: https://datarouter.ol.epicgames.com/datarouter/api/v1/public/data
[2018.06.22-07.48.58:621][  0]CrashReportClientLog: Initial state = Unknown UploadState value
[2018.06.22-07.48.58:621][  0]CrashReportClientLog: Initial state = Unknown UploadState value
[2018.06.22-07.48.58:621][  0]LogCrashDebugHelper: DepotName: //UE4/Release-4.17
[2018.06.22-07.48.58:621][  0]LogCrashDebugHelper: BuiltFromCL: 0
[2018.06.22-07.48.58:621][  0]LogCrashDebugHelper: EngineVersion: 4.17.2-0+++UE4+Release-4.17
[2018.06.22-07.48.58:621][  0]LogCrashDebugHelper: BuildVersion: ++UE4+Release-4.17-CL-0
[2018.06.22-07.48.58:621][  0]LogCrashDebugHelper: Warning: CrashDebugHelperConfig invalid
[2018.06.22-07.48.58:621][  0]LogCrashDebugHelper: Warning: PDB Cache disabled
[2018.06.22-07.48.59:591][  0]CrashReportClientLog: Got 5 pending files to upload from 'crashinfo-Blocks-pid-30261-1D89422E3A060F16003001F8144B62B5'
[2018.06.22-07.48.59:591][  0]CrashReportClientLog: State change from Ready to SendingFiles
[2018.06.22-07.48.59:591][  0]CrashReportClientLog: CompressAndSendData have 5 pending files
[2018.06.22-07.48.59:591][  0]CrashReportClientLog: CompressAndSendData compressing 108 bytes ('/home/airscan01/airsim/AirSim-Unreal4.16/Unreal/Environments/Blocks/Saved/Crashes/crashinfo-Blocks-pid-30261-1D89422E3A060F16003001F8144B62B5/CrashReportClient.ini')
[2018.06.22-07.48.59:591][  0]CrashReportClientLog: CompressAndSendData compressing 1941 bytes ('/home/airscan01/airsim/AirSim-Unreal4.16/Unreal/Environments/Blocks/Saved/Crashes/crashinfo-Blocks-pid-30261-1D89422E3A060F16003001F8144B62B5/wermeta.xml')
[2018.06.22-07.48.59:591][  0]CrashReportClientLog: CompressAndSendData compressing 2999 bytes ('/home/airscan01/airsim/AirSim-Unreal4.16/Unreal/Environments/Blocks/Saved/Crashes/crashinfo-Blocks-pid-30261-1D89422E3A060F16003001F8144B62B5/Diagnostics.txt')
[2018.06.22-07.48.59:591][  0]CrashReportClientLog: CompressAndSendData compressing 93985 bytes ('/home/airscan01/airsim/AirSim-Unreal4.16/Unreal/Environments/Blocks/Saved/Crashes/crashinfo-Blocks-pid-30261-1D89422E3A060F16003001F8144B62B5/Blocks.log')
[2018.06.22-07.48.59:591][  0]CrashReportClientLog: CompressAndSendData compressing 4 bytes ('/home/airscan01/airsim/AirSim-Unreal4.16/Unreal/Environments/Blocks/Saved/Crashes/crashinfo-Blocks-pid-30261-1D89422E3A060F16003001F8144B62B5/minidump.dmp')
[2018.06.22-07.48.59:602][  0]LogInit: Using libcurl 7.48.0-DEV
[2018.06.22-07.48.59:602][  0]LogInit:  - built for x86_64-unknown-linux-gnu
[2018.06.22-07.48.59:602][  0]LogInit:  - supports SSL with OpenSSL/1.0.2h
[2018.06.22-07.48.59:602][  0]LogInit:  - supports HTTP deflate (compression) using libz 1.2.8
[2018.06.22-07.48.59:602][  0]LogInit:  - other features:
[2018.06.22-07.48.59:602][  0]LogInit:      CURL_VERSION_SSL
[2018.06.22-07.48.59:602][  0]LogInit:      CURL_VERSION_LIBZ
[2018.06.22-07.48.59:602][  0]LogInit:      CURL_VERSION_IPV6
[2018.06.22-07.48.59:602][  0]LogInit:      CURL_VERSION_ASYNCHDNS
[2018.06.22-07.48.59:602][  0]LogInit:      CURL_VERSION_LARGEFILE
[2018.06.22-07.48.59:602][  0]LogInit:      CURL_VERSION_TLSAUTH_SRP
[2018.06.22-07.48.59:602][  0]LogInit:  Libcurl: checking if '/etc/pki/tls/certs/ca-bundle.crt' exists
[2018.06.22-07.48.59:602][  0]LogInit:  Libcurl: checking if '/etc/ssl/certs/ca-certificates.crt' exists
[2018.06.22-07.48.59:602][  0]LogInit:  CurlRequestOptions (configurable via config and command line):
[2018.06.22-07.48.59:602][  0]LogInit:  - bVerifyPeer = true  - Libcurl will verify peer certificate
[2018.06.22-07.48.59:602][  0]LogInit:  - bUseHttpProxy = false  - Libcurl will NOT use HTTP proxy
[2018.06.22-07.48.59:602][  0]LogInit:  - bDontReuseConnections = false  - Libcurl will reuse connections
[2018.06.22-07.48.59:602][  0]LogInit:  - CertBundlePath = /etc/ssl/certs/ca-certificates.crt  - Libcurl will set CURLOPT_CAINFO to it
[2018.06.22-07.48.59:602][  0]CrashReportClientLog: Sending HTTP request: https://datarouter.ol.epicgames.com/datarouter/api/v1/public/data?AppID=CrashReporter&AppVersion=4.17.2-0%2B%2B%2BUE4%2BRelease-4.17&AppEnvironment=Release&UploadType=crashreports&UserID=0002e4bb2d0617060028005afd74bc60%7C%7C834c1f53bc5745dea0a2de4a0aa44e48
[2018.06.22-07.49.00:994][  0]CrashReportClientLog: OnProcessRequestComplete(), State=SendingFiles bSucceeded=1
[2018.06.22-07.49.00:994][  0]CrashReportClientLog: State change from SendingFiles to SendingFiles
[2018.06.22-07.49.00:994][  0]CrashReportClientLog: All uploads done
[2018.06.22-07.49.00:994][  0]CrashReportClientLog: State change from SendingFiles to Finished
[2018.06.22-07.49.01:596][  0]LogLinux: FLinuxPlatformMisc::RequestExit(0)
[2018.06.22-07.49.01:596][  0]LogGenericPlatformMisc: FPlatformMisc::RequestExit(0)
[2018.06.22-07.49.01:629][  0]CrashReportClientLog: Final state (Receiver) = Finished
[2018.06.22-07.49.01:629][  0]CrashReportClientLog: Final state (Receiver) = Unknown UploadState value
[2018.06.22-07.49.01:629][  0]LogExit: Preparing to exit.
[2018.06.22-07.49.01:631][  0]LogExit: Object subsystem successfully closed.
[2018.06.22-07.49.01:633][  0]LogModuleManager: Shutting down and abandoning module HTTP (8)
[2018.06.22-07.49.01:662][  0]LogModuleManager: Shutting down and abandoning module SSL (7)
[2018.06.22-07.49.01:664][  0]LogModuleManager: Shutting down and abandoning module CrashDebugHelper (4)
[2018.06.22-07.49.01:664][  0]LogModuleManager: Shutting down and abandoning module CoreUObject (2)
[2018.06.22-07.49.01:665][  0]LogExit: Exiting.
[2018.06.22-07.49.01:685][  0]Log file closed, 06/22/18 15:49:01
